<?xml version="1.0" encoding="UTF-8"?>
<!-- Generated by org.testng.reporters.JUnitReportReporter -->
<testsuite hostname="DESKTOP-26DGKO7" failures="0" tests="2" name="testNg.frame2" time="65.733" errors="0" timestamp="2023-03-21T21:41:10 IST" skipped="0">
  <testcase classname="testNg.frame2" name="Frame2" time="35.616"/>
  <system-out/>
  <testcase classname="testNg.frame2" name="Frame2" time="30.117"/>
  <system-out/>
</testsuite> <!-- testNg.frame2 -->
