<?xml version="1.0" encoding="UTF-8"?>
<!-- Generated by org.testng.reporters.JUnitReportReporter -->
<testsuite hostname="DESKTOP-26DGKO7" failures="0" tests="2" name="testNg.Testing1" time="0.017" errors="0" timestamp="2023-03-21T20:01:35 IST" skipped="0">
  <testcase classname="testNg.Testing1" name="C" time="0.002"/>
  <system-out>
    <![CDATA[C method is running]]>
  </system-out>
  <testcase classname="testNg.Testing1" name="A" time="0.015"/>
  <system-out>
    <![CDATA[A method is running]]>
  </system-out>
</testsuite> <!-- testNg.Testing1 -->
