<?xml version="1.0" encoding="UTF-8"?>
<!-- Generated by org.testng.reporters.JUnitReportReporter -->
<testsuite hostname="DESKTOP-26DGKO7" failures="0" tests="1" name="testNg.MouseActions" time="36.990" errors="0" timestamp="2023-03-21T19:53:09 IST" skipped="0">
  <testcase classname="testNg.MouseActions" name="MouseAction" time="36.990"/>
  <system-out/>
</testsuite> <!-- testNg.MouseActions -->
