<?xml version="1.0" encoding="UTF-8"?>
<!-- Generated by org.testng.reporters.JUnitReportReporter -->
<testsuite hostname="DESKTOP-26DGKO7" failures="0" tests="2" name="testNg.Testing2" time="0.008" errors="0" timestamp="2023-03-21T20:01:35 IST" skipped="0">
  <testcase classname="testNg.Testing2" name="G" time="0.003"/>
  <system-out>
    <![CDATA[G method is running]]>
  </system-out>
  <testcase classname="testNg.Testing2" name="E" time="0.005"/>
  <system-out>
    <![CDATA[E method is running]]>
  </system-out>
</testsuite> <!-- testNg.Testing2 -->
