<?xml version="1.0" encoding="UTF-8"?>
<!-- Generated by org.testng.reporters.JUnitReportReporter -->
<testsuite hostname="DESKTOP-26DGKO7" failures="0" tests="1" name="testNg.DropDown1" time="27.719" errors="0" timestamp="2023-03-21T19:53:09 IST" skipped="0">
  <testcase classname="testNg.DropDown1" name="DropDown" time="27.719"/>
  <system-out/>
</testsuite> <!-- testNg.DropDown1 -->
