<?xml version="1.0" encoding="UTF-8"?>
<!-- Generated by org.testng.reporters.JUnitReportReporter -->
<testsuite hostname="DESKTOP-26DGKO7" failures="0" tests="2" name="testNg.frame1" time="33.444" errors="0" timestamp="2023-03-21T21:41:10 IST" skipped="0">
  <testcase classname="testNg.frame1" name="Frame1" time="16.739"/>
  <system-out/>
  <testcase classname="testNg.frame1" name="Frame1" time="16.705"/>
  <system-out/>
</testsuite> <!-- testNg.frame1 -->
